# JRE version: OpenJDK Runtime Environment (18.0.2+9) (build 18.0.2+9-61)
# Java VM: OpenJDK 64-Bit Server VM (18.0.2+9-61, mixed mode, sharing, tiered, compressed oops, compressed class ptrs, g1 gc, windows-amd64)
GC Precious Log:
 CardTable entry size: 512
 Card Set container configuration: InlinePtr #cards 5 size 8 Array Of Cards #cards 12 size 40 Howl #buckets 4 coarsen threshold 1843 Howl Bitmap #cards 512 size 80 coarsen threshold 460 Card regions per heap region 1 cards per card region 2048
 CPUs: 4 total, 4 available
 Memory: 3918M
 Large Page Support: Disabled
 NUMA Support: Disabled
 Compressed Oops: Enabled (32-bit)
 Heap Region Size: 1M
 Heap Min Capacity: 8M
 Heap Initial Capacity: 62M
 Heap Max Capacity: 980M
 Pre-touch: Disabled
 Parallel Workers: 4
 Concurrent Workers: 1
 Concurrent Refinement Workers: 4
 Periodic GC: Disabled
Heap:
 garbage-first heap   total 63488K, used 33133K [0x00000000c2c00000, 0x0000000100000000)
  region size 1024K, 17 young (17408K), 4 survivors (4096K)
 Metaspace       used 24520K, committed 25152K, reserved 1114112K
  class space    used 2806K, committed 3072K, reserved 1048576K
GC Heap History (12 events):
Event: 5.818 GC heap before
{Heap before GC invocations=0 (full 0):
 garbage-first heap   total 63488K, used 12288K [0x00000000c2c00000, 0x0000000100000000)
  region size 1024K, 13 young (13312K), 0 survivors (0K)
 Metaspace       used 1626K, committed 1792K, reserved 1114112K
  class space    used 131K, committed 192K, reserved 1048576K
}
Event: 5.830 GC heap after
{Heap after GC invocations=1 (full 0):
 garbage-first heap   total 63488K, used 6712K [0x00000000c2c00000, 0x0000000100000000)
  region size 1024K, 2 young (2048K), 2 survivors (2048K)
 Metaspace       used 1626K, committed 1792K, reserved 1114112K
  class space    used 131K, committed 192K, reserved 1048576K
}
Event: 6.698 GC heap before
{Heap before GC invocations=1 (full 0):
 garbage-first heap   total 63488K, used 14904K [0x00000000c2c00000, 0x0000000100000000)
  region size 1024K, 10 young (10240K), 2 survivors (2048K)
 Metaspace       used 5608K, committed 5888K, reserved 1114112K
  class space    used 582K, committed 704K, reserved 1048576K
}
Event: 6.706 GC heap after
{Heap after GC invocations=2 (full 0):
 garbage-first heap   total 63488K, used 7842K [0x00000000c2c00000, 0x0000000100000000)
  region size 1024K, 2 young (2048K), 2 survivors (2048K)
 Metaspace       used 5608K, committed 5888K, reserved 1114112K
  class space    used 582K, committed 704K, reserved 1048576K
}
Event: 8.179 GC heap before
{Heap before GC invocations=2 (full 0):
 garbage-first heap   total 63488K, used 25250K [0x00000000c2c00000, 0x0000000100000000)
  region size 1024K, 20 young (20480K), 2 survivors (2048K)
 Metaspace       used 10962K, committed 11136K, reserved 1114112K
  class space    used 1163K, committed 1216K, reserved 1048576K
}
Event: 8.191 GC heap after
{Heap after GC invocations=3 (full 0):
 garbage-first heap   total 63488K, used 10032K [0x00000000c2c00000, 0x0000000100000000)
  region size 1024K, 3 young (3072K), 3 survivors (3072K)
 Metaspace       used 10962K, committed 11136K, reserved 1114112K
  class space    used 1163K, committed 1216K, reserved 1048576K
}
Event: 9.392 GC heap before
{Heap before GC invocations=3 (full 0):
 garbage-first heap   total 63488K, used 38704K [0x00000000c2c00000, 0x0000000100000000)
  region size 1024K, 29 young (29696K), 3 survivors (3072K)
 Metaspace       used 15676K, committed 16128K, reserved 1114112K
  class space    used 1681K, committed 1920K, reserved 1048576K
}
Event: 9.418 GC heap after
{Heap after GC invocations=4 (full 0):
 garbage-first heap   total 63488K, used 14803K [0x00000000c2c00000, 0x0000000100000000)
  region size 1024K, 4 young (4096K), 4 survivors (4096K)
 Metaspace       used 15676K, committed 16128K, reserved 1114112K
  class space    used 1681K, committed 1920K, reserved 1048576K
}
Event: 9.793 GC heap before
{Heap before GC invocations=4 (full 0):
 garbage-first heap   total 63488K, used 36307K [0x00000000c2c00000, 0x0000000100000000)
  region size 1024K, 26 young (26624K), 4 survivors (4096K)
 Metaspace       used 16422K, committed 16960K, reserved 1114112K
  class space    used 1798K, committed 2048K, reserved 1048576K
}
Event: 9.810 GC heap after
{Heap after GC invocations=5 (full 0):
 garbage-first heap   total 63488K, used 18258K [0x00000000c2c00000, 0x0000000100000000)
  region size 1024K, 3 young (3072K), 3 survivors (3072K)
 Metaspace       used 16422K, committed 16960K, reserved 1114112K
  class space    used 1798K, committed 2048K, reserved 1048576K
}
Event: 11.003 GC heap before
{Heap before GC invocations=5 (full 0):
 garbage-first heap   total 63488K, used 36690K [0x00000000c2c00000, 0x0000000100000000)
  region size 1024K, 23 young (23552K), 3 survivors (3072K)
 Metaspace       used 20945K, committed 21504K, reserved 1114112K
  class space    used 2365K, committed 2624K, reserved 1048576K
}
Event: 11.028 GC heap after
{Heap after GC invocations=6 (full 0):
 garbage-first heap   total 63488K, used 21869K [0x00000000c2c00000, 0x0000000100000000)
  region size 1024K, 4 young (4096K), 4 survivors (4096K)
 Metaspace       used 20945K, committed 21504K, reserved 1114112K
  class space    used 2365K, committed 2624K, reserved 1048576K
}

